Visual Studio Code (1.71.2, ssh-remote, desktop)
Jupyter Extension Version: 2022.8.1002431955.
Python Extension Version: 2022.14.0.
Workspace folder /home/campus.ncl.ac.uk/nym23/usercentricprototype
info 14:29:50.966: ZMQ install verified.
User belongs to experiment group 'jupyterTest'
User belongs to experiment group 'jupyterEnhancedDataViewer'
info 14:29:51.746: LSP Notebooks experiment is enabled
info 14:29:52.726: Experiment status for python is {"enabled":true,"optInto":[],"optOutFrom":[]}
info 14:29:52.934: Process Execution: > /usr/bin/python3 -m pip list
> /usr/bin/python3 -m pip list
info 14:29:52.981: Process Execution: > /usr/bin/python3 -c "import pip"
> /usr/bin/python3 -c "import pip"
info 14:33:27.964: Shutting down notebooks for 9cfb4b4f-f39e-422d-9d09-4cc7dbf7d46e
info 14:33:27.965: Disposing HostJupyterExecution 7fd32e2e-9021-4049-b8d3-0a71481266db
info 14:33:27.965: Disposing super HostJupyterExecution 7fd32e2e-9021-4049-b8d3-0a71481266db
info 14:33:27.965: Disposing HostJupyterExecution 7fd32e2e-9021-4049-b8d3-0a71481266db
info 14:33:27.965: Finished disposing HostJupyterExecution  7fd32e2e-9021-4049-b8d3-0a71481266db
info 14:33:27.970: Cleaning up server cache 7fd32e2e-9021-4049-b8d3-0a71481266db
info 14:33:27.970: Finished disposing HostJupyterExecution  7fd32e2e-9021-4049-b8d3-0a71481266db
