[Info  - 14:29:53] (15914) Pylance language server 2022.9.40 (pyright 9fd1b94c) starting
[Info  - 14:29:53] (15914) Server root directory: /home/campus.ncl.ac.uk/nym23/.vscode-server/extensions/ms-python.vscode-pylance-2022.9.40/dist
[Info  - 14:29:53] (15914) Starting service instance "usercentricprototype"
[Info  - 14:29:53] (15914) Notebook support: LSP
[Info  - 14:29:53] (15914) Interactive window support: LSP
[Info  - 14:29:53] (15914) No configuration file found.
[Info  - 14:29:53] (15914) No pyproject.toml file found.
[Info  - 14:29:53] (15914) Setting pythonPath for service "usercentricprototype": "/usr/bin/python3"
[Warn  - 14:29:53] (15914) stubPath /home/campus.ncl.ac.uk/nym23/usercentricprototype/typings is not a valid directory.
[Info  - 14:29:53] (15914) Assuming Python version 3.6
[Info  - 14:29:53] (15914) Assuming Python platform Linux
[Info  - 14:29:53] (15914) Searching for source files
[Info  - 14:29:53] (15914) Found 6620 source files
[Info  - 14:29:53] (15914) Background analysis(1) root directory: /home/campus.ncl.ac.uk/nym23/.vscode-server/extensions/ms-python.vscode-pylance-2022.9.40/dist
[Info  - 14:29:53] (15914) Background analysis(1) started
[Info  - 14:29:54] (15914) Indexer background runner(2) root directory: /home/campus.ncl.ac.uk/nym23/.vscode-server/extensions/ms-python.vscode-pylance-2022.9.40/dist (index)
[Info  - 14:29:54] (15914) Indexing(2) started
[Info  - 14:29:55] (15914) Indexer done(2). indexed 469 files
[Warn  - 14:30:13] (15914) Workspace indexing has hit its upper limit: 2000 files
[Info  - 14:30:43] (15914) Searching for source files
[Info  - 14:30:43] (15914) Found 6617 source files
[Info  - 14:30:44] (15914) Searching for source files
[Info  - 14:30:44] (15914) Found 6611 source files
[Info  - 14:30:45] (15914) Searching for source files
[Info  - 14:30:45] (15914) Found 6609 source files
[Info  - 14:30:46] (15914) Searching for source files
[Info  - 14:30:46] (15914) Found 6604 source files
[Info  - 14:30:47] (15914) Searching for source files
[Info  - 14:30:47] (15914) Found 6595 source files
[Info  - 14:30:48] (15914) Searching for source files
[Info  - 14:30:48] (15914) Found 6589 source files
[Info  - 14:30:50] (15914) Searching for source files
[Info  - 14:30:50] (15914) Found 6587 source files
[Info  - 14:30:51] (15914) Searching for source files
[Info  - 14:30:51] (15914) Found 6581 source files
[Info  - 14:30:53] (15914) Searching for source files
[Info  - 14:30:53] (15914) Found 6570 source files
[Info  - 14:30:55] (15914) Searching for source files
[Info  - 14:30:55] (15914) Found 6553 source files
[Info  - 14:30:57] (15914) Searching for source files
[Info  - 14:30:57] (15914) Found 6542 source files
[Info  - 14:31:00] (15914) Searching for source files
[Info  - 14:31:00] (15914) Found 6521 source files
[Info  - 14:31:01] (15914) Searching for source files
[Info  - 14:31:01] (15914) Found 6516 source files
[Info  - 14:31:02] (15914) Searching for source files
[Info  - 14:31:03] (15914) Found 6507 source files
[Info  - 14:31:03] (15914) Searching for source files
[Info  - 14:31:03] (15914) Found 6503 source files
[Info  - 14:31:05] (15914) Searching for source files
[Info  - 14:31:05] (15914) Found 6489 source files
[Info  - 14:31:07] (15914) Searching for source files
[Info  - 14:31:07] (15914) Found 6487 source files
[Info  - 14:31:07] (15914) Searching for source files
[Info  - 14:31:08] (15914) Found 6483 source files
[Info  - 14:31:10] (15914) Searching for source files
[Info  - 14:31:10] (15914) Found 6472 source files
[Info  - 14:31:12] (15914) Searching for source files
[Info  - 14:31:12] (15914) Found 6453 source files
[Info  - 14:31:13] (15914) Searching for source files
[Info  - 14:31:13] (15914) Found 6451 source files
[Info  - 14:31:15] (15914) Searching for source files
[Info  - 14:31:15] (15914) Found 6444 source files
[Info  - 14:31:16] (15914) Searching for source files
[Info  - 14:31:16] (15914) Found 6443 source files
[Info  - 14:31:17] (15914) Searching for source files
[Info  - 14:31:17] (15914) Found 6442 source files
[Info  - 14:31:17] (15914) Searching for source files
[Info  - 14:31:17] (15914) Found 6441 source files
[Info  - 14:31:18] (15914) Searching for source files
[Info  - 14:31:19] (15914) Found 6439 source files
[Info  - 14:31:19] (15914) Searching for source files
[Info  - 14:31:20] (15914) Found 6437 source files
[Info  - 14:31:20] (15914) Searching for source files
[Info  - 14:31:20] (15914) Found 6436 source files
[Info  - 14:31:21] (15914) Searching for source files
[Info  - 14:31:21] (15914) Found 6434 source files
[Info  - 14:31:23] (15914) Searching for source files
[Info  - 14:31:23] (15914) Found 6423 source files
[Info  - 14:31:24] (15914) Searching for source files
[Info  - 14:31:24] (15914) Found 6419 source files
[Info  - 14:31:25] (15914) Searching for source files
[Info  - 14:31:25] (15914) Found 6413 source files
[Info  - 14:31:25] (15914) Searching for source files
[Info  - 14:31:26] (15914) Found 6412 source files
[Info  - 14:31:26] (15914) Searching for source files
[Info  - 14:31:26] (15914) Found 6410 source files
[Info  - 14:31:27] (15914) Searching for source files
[Info  - 14:31:27] (15914) Found 6408 source files
[Info  - 14:31:28] (15914) Searching for source files
[Info  - 14:31:28] (15914) Found 6407 source files
[Info  - 14:31:29] (15914) Searching for source files
[Info  - 14:31:29] (15914) Found 6405 source files
[Info  - 14:31:30] (15914) Searching for source files
[Info  - 14:31:30] (15914) Found 6401 source files
[Info  - 14:31:32] (15914) Searching for source files
[Info  - 14:31:32] (15914) Found 6385 source files
[Info  - 14:31:33] (15914) Searching for source files
[Info  - 14:31:33] (15914) Found 6383 source files
[Info  - 14:31:34] (15914) Searching for source files
[Info  - 14:31:34] (15914) Found 6381 source files
[Info  - 14:31:34] (15914) Searching for source files
[Info  - 14:31:34] (15914) Found 6379 source files
[Info  - 14:31:36] (15914) Searching for source files
[Info  - 14:31:36] (15914) Found 6369 source files
[Info  - 14:31:36] (15914) Searching for source files
[Info  - 14:31:36] (15914) Found 6368 source files
[Info  - 14:31:40] (15914) Searching for source files
[Info  - 14:31:40] (15914) Found 6351 source files
[Info  - 14:31:44] (15914) Searching for source files
[Info  - 14:31:44] (15914) Found 6324 source files
[Info  - 14:31:45] (15914) Searching for source files
[Info  - 14:31:45] (15914) Found 6321 source files
[Info  - 14:31:46] (15914) Searching for source files
[Info  - 14:31:46] (15914) Found 6316 source files
[Info  - 14:31:48] (15914) Searching for source files
[Info  - 14:31:48] (15914) Found 6307 source files
[Info  - 14:31:49] (15914) Searching for source files
[Info  - 14:31:49] (15914) Found 6304 source files
[Info  - 14:31:50] (15914) Searching for source files
[Info  - 14:31:51] (15914) Found 6301 source files
[Info  - 14:31:51] (15914) Searching for source files
[Info  - 14:31:51] (15914) Found 6300 source files
[Info  - 14:31:52] (15914) Searching for source files
[Info  - 14:31:53] (15914) Found 6296 source files
[Info  - 14:31:57] (15914) Searching for source files
[Info  - 14:31:57] (15914) Found 6296 source files
[Info  - 14:31:58] (15914) Searching for source files
[Info  - 14:31:59] (15914) Found 6289 source files
[Info  - 14:33:03] (15914) Searching for source files
[Info  - 14:33:04] (15914) Found 5799 source files
[Info  - 14:33:05] (15914) Searching for source files
[Info  - 14:33:05] (15914) Found 5789 source files
[Info  - 14:33:06] (15914) Searching for source files
[Info  - 14:33:06] (15914) Found 5786 source files
[Info  - 14:33:07] (15914) Searching for source files
[Info  - 14:33:07] (15914) Found 5780 source files
[Info  - 14:33:09] (15914) Searching for source files
[Warn  - 14:33:09] (15914) Skipping broken link "/home/campus.ncl.ac.uk/nym23/usercentricprototype/Lib/site-packages/xlrd-2.0.1.dist-info"
[Info  - 14:33:09] (15914) Found 5761 source files
[Info  - 14:33:11] (15914) Searching for source files
[Warn  - 14:33:11] (15914) Skipping broken link "/home/campus.ncl.ac.uk/nym23/usercentricprototype/Lib/site-packages/wrapt-1.14.1.dist-info"
[Info  - 14:33:11] (15914) Found 5751 source files
[Info  - 14:33:12] (15914) Searching for source files
[Info  - 14:33:12] (15914) Found 5746 source files
[Info  - 14:33:13] (15914) Searching for source files
[Info  - 14:33:13] (15914) Found 5733 source files
[Info  - 14:33:14] (15914) Searching for source files
[Info  - 14:33:14] (15914) Found 5729 source files
[Info  - 14:33:15] (15914) Searching for source files
[Info  - 14:33:15] (15914) Found 5723 source files
[Info  - 14:33:16] (15914) Searching for source files
[Info  - 14:33:16] (15914) Found 5719 source files
[Info  - 14:33:16] (15914) Searching for source files
[Info  - 14:33:17] (15914) Found 5708 source files
[Info  - 14:33:19] (15914) Searching for source files
[Info  - 14:33:19] (15914) Found 5707 source files
[Info  - 14:33:20] (15914) Searching for source files
[Info  - 14:33:21] (15914) Found 5703 source files
[Info  - 14:33:23] (15914) Searching for source files
[Info  - 14:33:23] (15914) Found 5691 source files
[Info  - 14:33:24] (15914) Searching for source files
[Info  - 14:33:24] (15914) Found 5687 source files
[Info  - 14:33:25] (15914) Searching for source files
[Info  - 14:33:26] (15914) Found 5686 source files
[Info  - 14:33:27] (15914) Searching for source files
