Visual Studio Code (1.71.2, ssh-remote, desktop)
Jupyter Extension Version: 2022.8.1002431955.
Python Extension Version: 2022.14.0.
Workspace folder /home/campus.ncl.ac.uk/nym23/usercentricprototype
info 12:5:20.615: ZMQ install verified.
User belongs to experiment group 'jupyterTest'
User belongs to experiment group 'jupyterEnhancedDataViewer'
info 12:5:21.98: LSP Notebooks experiment is enabled
info 12:5:21.608: Experiment status for python is {"enabled":true,"optInto":[],"optOutFrom":[]}
info 12:5:21.749: Process Execution: > /usr/bin/python3 -m pip list
> /usr/bin/python3 -m pip list
info 12:5:21.787: Process Execution: > /usr/bin/python3 -c "import pip"
> /usr/bin/python3 -c "import pip"
info 12:5:41.472: Shutting down notebooks for 9ca15e83-a034-44a7-bba6-582df55d4351
info 12:5:41.472: Disposing HostJupyterExecution 364619a9-b9ef-47fb-93b4-97223817fc84
info 12:5:41.472: Disposing super HostJupyterExecution 364619a9-b9ef-47fb-93b4-97223817fc84
info 12:5:41.472: Disposing HostJupyterExecution 364619a9-b9ef-47fb-93b4-97223817fc84
info 12:5:41.472: Finished disposing HostJupyterExecution  364619a9-b9ef-47fb-93b4-97223817fc84
info 12:5:41.476: Cleaning up server cache 364619a9-b9ef-47fb-93b4-97223817fc84
info 12:5:41.476: Finished disposing HostJupyterExecution  364619a9-b9ef-47fb-93b4-97223817fc84
