Visual Studio Code (1.71.2, ssh-remote, desktop)
Jupyter Extension Version: 2022.8.1002431955.
Python Extension Version: 2022.14.0.
Workspace folder /home/campus.ncl.ac.uk/nym23/usercentricprototype
info 14:42:57.515: ZMQ install verified.
User belongs to experiment group 'jupyterTest'
User belongs to experiment group 'jupyterEnhancedDataViewer'
info 14:42:58.12: LSP Notebooks experiment is enabled
info 14:42:58.556: Experiment status for python is {"enabled":true,"optInto":[],"optOutFrom":[]}
info 14:42:58.766: Process Execution: > /usr/bin/python3 -m pip list
> /usr/bin/python3 -m pip list
info 14:42:58.819: Process Execution: > /usr/bin/python3 -c "import pip"
> /usr/bin/python3 -c "import pip"
info 17:51:10.902: Shutting down notebooks for 0773cc5c-4884-4b66-a4ae-b56b7bda4eb1
info 17:51:10.903: Disposing HostJupyterExecution 84c4d7bd-d160-42ac-b27d-1d9277fff4e5
info 17:51:10.903: Disposing super HostJupyterExecution 84c4d7bd-d160-42ac-b27d-1d9277fff4e5
info 17:51:10.903: Disposing HostJupyterExecution 84c4d7bd-d160-42ac-b27d-1d9277fff4e5
info 17:51:10.903: Finished disposing HostJupyterExecution  84c4d7bd-d160-42ac-b27d-1d9277fff4e5
info 17:51:10.907: Cleaning up server cache 84c4d7bd-d160-42ac-b27d-1d9277fff4e5
info 17:51:10.908: Finished disposing HostJupyterExecution  84c4d7bd-d160-42ac-b27d-1d9277fff4e5
