LSP Notebooks experiment is enabled
LSP Notebooks interactive window support is enabled
> D:\Python3.10\python.exe -c "import sys;print(sys.executable)"
[ERROR 2022-11-21 10:4:53.975]: [Error: Command failed: D:\Python3.10\python.exe -c "import sys;print(sys.executable)"
/bin/sh: 1: D:Python3.10python.exe: not found

	at ChildProcess.exithandler (node:child_process:399:12)
	at ChildProcess.emit (node:events:526:28)
	at maybeClose (node:internal/child_process:1092:16)
	at Socket.<anonymous> (node:internal/child_process:451:11)
	at Socket.emit (node:events:526:28)
	at Pipe.<anonymous> (node:net:687:12)] {
  killed: false,
  code: 127,
  signal: null,
  cmd: 'D:\\Python3.10\\python.exe -c "import sys;print(sys.executable)"'
}
Starting Pylance language server.
> conda info --json
> /usr/bin/python ~/.vscode-server/extensions/ms-python.python-2022.20.1/pythonFiles/get_output_via_markers.py ~/.vscode-server/extensions/ms-python.python-2022.20.1/pythonFiles/interpreterInfo.py
> /usr/bin/python3 ~/.vscode-server/extensions/ms-python.python-2022.20.1/pythonFiles/get_output_via_markers.py ~/.vscode-server/extensions/ms-python.python-2022.20.1/pythonFiles/interpreterInfo.py
