[2022-10-02 10:41:35.225] [exthost] [info] Extension host with pid 2736 started
[2022-10-02 10:41:35.236] [exthost] [info] Lock '/home/campus.ncl.ac.uk/nym23/.vscode-server/data/User/workspaceStorage/27645495ec087672269775e903c4cb89/vscode.lock': Lock acquired.
[2022-10-02 10:41:35.315] [exthost] [info] ExtensionService#_doActivateExtension vscode.debug-auto-launch, startup: true, activationEvent: '*'
[2022-10-02 10:41:35.321] [exthost] [info] ExtensionService#_doActivateExtension vscode.git-base, startup: true, activationEvent: '*', root cause: vscode.git
[2022-10-02 10:41:35.324] [exthost] [info] ExtensionService#_doActivateExtension vscode.ipynb, startup: true, activationEvent: '*'
[2022-10-02 10:41:35.502] [exthost] [info] ExtensionService#_doActivateExtension vscode.git, startup: true, activationEvent: '*'
[2022-10-02 10:41:35.588] [exthost] [info] ExtensionService#_doActivateExtension vscode.github, startup: true, activationEvent: '*'
[2022-10-02 10:41:35.733] [exthost] [info] ExtensionService#_doActivateExtension vscode.emmet, startup: false, activationEvent: 'onStartupFinished'
[2022-10-02 10:41:35.748] [exthost] [info] ExtensionService#_doActivateExtension vscode.merge-conflict, startup: false, activationEvent: 'onStartupFinished'
[2022-10-02 10:41:35.752] [exthost] [info] Eager extensions activated
[2022-10-02 11:04:07.462] [exthost] [info] ExtensionService#_doActivateExtension batisteo.vscode-django, startup: false, activationEvent: 'onLanguage:python'
[2022-10-02 11:04:07.543] [exthost] [info] ExtensionService#_doActivateExtension KevinRose.vsc-python-indent, startup: false, activationEvent: 'onLanguage:python'
[2022-10-02 11:04:07.554] [exthost] [info] ExtensionService#_doActivateExtension ms-python.python, startup: false, activationEvent: 'onLanguage:python'
[2022-10-02 11:04:07.833] [exthost] [info] ExtensionService#_doActivateExtension ms-toolsai.jupyter, startup: false, activationEvent: 'onLanguage:python'
[2022-10-02 11:04:08.268] [exthost] [info] ExtensionService#_doActivateExtension njpwerner.autodocstring, startup: false, activationEvent: 'onLanguage:python'
[2022-10-02 11:04:08.341] [exthost] [info] ExtensionService#_doActivateExtension VisualStudioExptTeam.intellicode-api-usage-examples, startup: false, activationEvent: 'onLanguage:python'
[2022-10-02 11:04:08.535] [exthost] [info] ExtensionService#_doActivateExtension VisualStudioExptTeam.vscodeintellicode, startup: false, activationEvent: 'onLanguage:python'
[2022-10-02 11:04:09.233] [exthost] [info] ExtensionService#_doActivateExtension ms-toolsai.jupyter-renderers, startup: false, activationEvent: 'api', root cause: ms-toolsai.jupyter
[2022-10-02 11:04:09.516] [exthost] [info] ExtensionService#_doActivateExtension ms-python.vscode-pylance, startup: false, activationEvent: 'onLanguage:python'
[2022-10-02 11:44:08.243] [exthost] [info] ExtensionService#_doActivateExtension vscode.configuration-editing, startup: false, activationEvent: 'onLanguage:jsonc'
[2022-10-02 11:44:08.268] [exthost] [info] ExtensionService#_doActivateExtension vscode.json-language-features, startup: false, activationEvent: 'onLanguage:jsonc'
[2022-10-02 11:44:08.397] [exthost] [info] ExtensionService#_doActivateExtension vscode.typescript-language-features, startup: false, activationEvent: 'onLanguage:jsonc'
[2022-10-02 12:04:48.909] [exthost] [info] Extension host terminating: received terminate message from renderer
[2022-10-02 12:04:48.910] [exthost] [info] Lock '/home/campus.ncl.ac.uk/nym23/.vscode-server/data/User/workspaceStorage/27645495ec087672269775e903c4cb89/vscode.lock': Marking the lockfile as scheduled to be released in 6000 ms.
[2022-10-02 12:04:48.941] [exthost] [info] Extension host with pid 2736 exiting with code 0
