Visual Studio Code (1.71.2, ssh-remote, desktop)
Jupyter Extension Version: 2022.8.1002431955.
Python Extension Version: 2022.14.0.
Workspace folder /home/campus.ncl.ac.uk/nym23/user-centricprototype
info 18:53:23.981: ZMQ install verified.
User belongs to experiment group 'jupyterTest'
User belongs to experiment group 'jupyterEnhancedDataViewer'
info 18:53:24.477: LSP Notebooks experiment is enabled
info 18:53:25.114: Experiment status for python is {"enabled":true,"optInto":[],"optOutFrom":[]}
info 18:53:25.342: Process Execution: > /usr/bin/python3 -m pip list
> /usr/bin/python3 -m pip list
info 18:53:25.388: Process Execution: > /usr/bin/python3 -c "import pip"
> /usr/bin/python3 -c "import pip"
info 19:40:52.888: Shutting down notebooks for dd434925-68c9-43bb-a932-aa099cfe8a1f
info 19:40:52.888: Disposing HostJupyterExecution f576641e-345a-4772-8426-f054667e51bb
info 19:40:52.888: Disposing super HostJupyterExecution f576641e-345a-4772-8426-f054667e51bb
info 19:40:52.888: Disposing HostJupyterExecution f576641e-345a-4772-8426-f054667e51bb
info 19:40:52.888: Finished disposing HostJupyterExecution  f576641e-345a-4772-8426-f054667e51bb
info 19:40:52.892: Cleaning up server cache f576641e-345a-4772-8426-f054667e51bb
info 19:40:52.893: Finished disposing HostJupyterExecution  f576641e-345a-4772-8426-f054667e51bb
