Visual Studio Code (1.71.2, ssh-remote, desktop)
Jupyter Extension Version: 2022.8.1002431955.
Python Extension Version: 2022.14.0.
Workspace folder /home/campus.ncl.ac.uk/nym23/usercentricprototype
info 11:4:8.754: ZMQ install verified.
User belongs to experiment group 'jupyterTest'
User belongs to experiment group 'jupyterEnhancedDataViewer'
info 11:4:9.246: LSP Notebooks experiment is enabled
info 11:4:9.996: Experiment status for python is {"enabled":true,"optInto":[],"optOutFrom":[]}
info 11:4:10.263: Process Execution: > /usr/bin/python3 -m pip list
> /usr/bin/python3 -m pip list
info 11:4:10.299: Process Execution: > /usr/bin/python3 -c "import pip"
> /usr/bin/python3 -c "import pip"
info 11:45:1.358: Process Execution: > /usr/bin/python3 -m pip list
> /usr/bin/python3 -m pip list
info 11:45:1.387: Process Execution: > /usr/bin/python3 -c "import pip"
> /usr/bin/python3 -c "import pip"
info 12:4:48.928: Shutting down notebooks for df696131-4fe9-4a52-bb88-791f0f6484c2
info 12:4:48.928: Disposing HostJupyterExecution 5e427788-1a3d-456c-96ad-a27ac6260eb4
info 12:4:48.928: Disposing super HostJupyterExecution 5e427788-1a3d-456c-96ad-a27ac6260eb4
info 12:4:48.928: Disposing HostJupyterExecution 5e427788-1a3d-456c-96ad-a27ac6260eb4
info 12:4:48.928: Finished disposing HostJupyterExecution  5e427788-1a3d-456c-96ad-a27ac6260eb4
info 12:4:48.934: Cleaning up server cache 5e427788-1a3d-456c-96ad-a27ac6260eb4
info 12:4:48.934: Finished disposing HostJupyterExecution  5e427788-1a3d-456c-96ad-a27ac6260eb4
