Visual Studio Code (1.71.2, ssh-remote, desktop)
Jupyter Extension Version: 2022.8.1002431955.
Python Extension Version: 2022.14.0.
Workspace folder /home/campus.ncl.ac.uk/nym23/usercentricprototype
info 12:46:39.235: ZMQ install verified.
User belongs to experiment group 'jupyterTest'
User belongs to experiment group 'jupyterEnhancedDataViewer'
info 12:46:39.719: LSP Notebooks experiment is enabled
info 12:46:40.72: Experiment status for python is {"enabled":true,"optInto":[],"optOutFrom":[]}
info 12:46:40.419: Process Execution: > /usr/bin/python3 -m pip list
> /usr/bin/python3 -m pip list
info 12:46:40.460: Process Execution: > /usr/bin/python3 -c "import pip"
> /usr/bin/python3 -c "import pip"
info 14:29:25.301: Shutting down notebooks for e2d03270-4985-4abb-978f-7f363a8743d2
info 14:29:25.302: Disposing HostJupyterExecution 1f229b79-3943-4e84-a33f-e3163046d03e
info 14:29:25.302: Disposing super HostJupyterExecution 1f229b79-3943-4e84-a33f-e3163046d03e
info 14:29:25.302: Disposing HostJupyterExecution 1f229b79-3943-4e84-a33f-e3163046d03e
info 14:29:25.302: Finished disposing HostJupyterExecution  1f229b79-3943-4e84-a33f-e3163046d03e
info 14:29:25.308: Cleaning up server cache 1f229b79-3943-4e84-a33f-e3163046d03e
info 14:29:25.308: Finished disposing HostJupyterExecution  1f229b79-3943-4e84-a33f-e3163046d03e
