[Info  - 12:46:40] (15528) Pylance language server 2022.9.40 (pyright 9fd1b94c) starting
[Info  - 12:46:40] (15528) Server root directory: /home/campus.ncl.ac.uk/nym23/.vscode-server/extensions/ms-python.vscode-pylance-2022.9.40/dist
[Info  - 12:46:40] (15528) Starting service instance "usercentricprototype"
[Info  - 12:46:40] (15528) Notebook support: LSP
[Info  - 12:46:40] (15528) Interactive window support: LSP
[Info  - 12:46:40] (15528) No configuration file found.
[Info  - 12:46:40] (15528) No pyproject.toml file found.
[Info  - 12:46:40] (15528) Setting pythonPath for service "usercentricprototype": "/usr/bin/python3"
[Warn  - 12:46:40] (15528) stubPath /home/campus.ncl.ac.uk/nym23/usercentricprototype/typings is not a valid directory.
[Info  - 12:46:40] (15528) Assuming Python version 3.6
[Info  - 12:46:40] (15528) Assuming Python platform Linux
[Info  - 12:46:40] (15528) Searching for source files
[Info  - 12:46:40] (15528) Found 7 source files
[Info  - 12:46:41] (15528) Background analysis(1) root directory: /home/campus.ncl.ac.uk/nym23/.vscode-server/extensions/ms-python.vscode-pylance-2022.9.40/dist
[Info  - 12:46:41] (15528) Background analysis(1) started
[Info  - 12:46:41] (15528) Indexer background runner(2) root directory: /home/campus.ncl.ac.uk/nym23/.vscode-server/extensions/ms-python.vscode-pylance-2022.9.40/dist (index)
[Info  - 12:46:41] (15528) Indexing(2) started
[Info  - 12:46:42] (15528) Indexer done(2). indexed 469 files
[Info  - 13:07:25] (15528) Searching for source files
[Info  - 13:07:25] (15528) Found 7 source files
[Info  - 13:08:26] (15528) Searching for source files
[Info  - 13:08:26] (15528) Found 1304 source files
[Info  - 13:09:41] (15528) Searching for source files
[Info  - 13:09:41] (15528) Found 1304 source files
[Info  - 13:09:44] (15528) Searching for source files
[Info  - 13:09:44] (15528) Found 1304 source files
[Info  - 13:09:44] (15528) Searching for source files
[Info  - 13:09:44] (15528) Found 1304 source files
[Info  - 13:09:45] (15528) Searching for source files
[Info  - 13:09:45] (15528) Found 1304 source files
[Info  - 13:09:45] (15528) Searching for source files
[Info  - 13:09:45] (15528) Found 1304 source files
[Info  - 13:09:53] (15528) Searching for source files
[Info  - 13:09:53] (15528) Found 1460 source files
[Info  - 13:09:57] (15528) Searching for source files
[Info  - 13:09:57] (15528) Found 1535 source files
[Info  - 13:11:32] (15528) Searching for source files
[Info  - 13:11:32] (15528) Found 1536 source files
[Info  - 13:11:54] (15528) Searching for source files
[Info  - 13:11:54] (15528) Found 1537 source files
[Info  - 13:12:21] (15528) Searching for source files
[Info  - 13:12:21] (15528) Found 1538 source files
[Info  - 13:12:35] (15528) Searching for source files
[Info  - 13:12:35] (15528) Found 1539 source files
[Info  - 13:14:15] (15528) Searching for source files
[Info  - 13:14:16] (15528) Found 1539 source files
[Info  - 13:14:16] (15528) Searching for source files
[Info  - 13:14:16] (15528) Found 1539 source files
[Info  - 13:14:19] (15528) Searching for source files
[Info  - 13:14:19] (15528) Found 1539 source files
[Info  - 13:14:19] (15528) Searching for source files
[Info  - 13:14:19] (15528) Found 1539 source files
[Info  - 13:14:21] (15528) Searching for source files
[Info  - 13:14:21] (15528) Found 1561 source files
[Info  - 13:14:24] (15528) Searching for source files
[Info  - 13:14:24] (15528) Found 1678 source files
[Info  - 13:14:35] (15528) Searching for source files
[Info  - 13:14:35] (15528) Found 1990 source files
[Info  - 13:14:44] (15528) Searching for source files
[Info  - 13:14:44] (15528) Found 2090 source files
[Info  - 13:15:04] (15528) Searching for source files
[Info  - 13:15:04] (15528) Found 2090 source files
[Info  - 13:15:07] (15528) Searching for source files
[Info  - 13:15:07] (15528) Found 2109 source files
[Info  - 13:15:08] (15528) Searching for source files
[Info  - 13:15:08] (15528) Found 2109 source files
[Info  - 13:20:46] (15528) Searching for source files
[Info  - 13:20:46] (15528) Found 2109 source files
[Info  - 13:20:46] (15528) Searching for source files
[Info  - 13:20:46] (15528) Found 2109 source files
[Info  - 13:20:47] (15528) Searching for source files
[Info  - 13:20:47] (15528) Found 2109 source files
[Info  - 13:20:48] (15528) Searching for source files
[Info  - 13:20:48] (15528) Found 2109 source files
[Info  - 13:20:49] (15528) Searching for source files
[Info  - 13:20:49] (15528) Found 2109 source files
[Info  - 13:20:49] (15528) Searching for source files
[Info  - 13:20:49] (15528) Found 2109 source files
[Info  - 13:20:51] (15528) Searching for source files
[Info  - 13:20:51] (15528) Found 2109 source files
[Info  - 13:20:52] (15528) Searching for source files
[Info  - 13:20:52] (15528) Found 2109 source files
[Info  - 13:20:54] (15528) Searching for source files
[Info  - 13:20:54] (15528) Found 2109 source files
[Info  - 13:20:55] (15528) Searching for source files
[Info  - 13:20:55] (15528) Found 2109 source files
[Info  - 13:20:57] (15528) Searching for source files
[Info  - 13:20:57] (15528) Found 2109 source files
[Info  - 13:20:58] (15528) Searching for source files
[Info  - 13:20:58] (15528) Found 2109 source files
[Info  - 13:21:00] (15528) Searching for source files
[Info  - 13:21:00] (15528) Found 2109 source files
[Info  - 13:21:03] (15528) Searching for source files
[Info  - 13:21:03] (15528) Found 2109 source files
[Info  - 13:21:04] (15528) Searching for source files
[Info  - 13:21:04] (15528) Found 2109 source files
[Info  - 13:21:05] (15528) Searching for source files
[Info  - 13:21:05] (15528) Found 2109 source files
[Info  - 13:21:06] (15528) Searching for source files
[Info  - 13:21:06] (15528) Found 2109 source files
[Info  - 13:21:07] (15528) Searching for source files
[Info  - 13:21:07] (15528) Found 2109 source files
[Info  - 13:21:08] (15528) Searching for source files
[Info  - 13:21:08] (15528) Found 2109 source files
[Info  - 13:21:11] (15528) Searching for source files
[Info  - 13:21:11] (15528) Found 2109 source files
[Info  - 13:21:11] (15528) Searching for source files
[Info  - 13:21:11] (15528) Found 2109 source files
[Info  - 13:21:15] (15528) Searching for source files
[Info  - 13:21:15] (15528) Found 2109 source files
[Info  - 13:21:15] (15528) Searching for source files
[Info  - 13:21:16] (15528) Found 2109 source files
[Info  - 13:21:16] (15528) Searching for source files
[Info  - 13:21:17] (15528) Found 2109 source files
[Info  - 13:21:20] (15528) Searching for source files
[Info  - 13:21:20] (15528) Found 2109 source files
[Info  - 13:21:20] (15528) Searching for source files
[Info  - 13:21:20] (15528) Found 2109 source files
[Info  - 13:21:22] (15528) Searching for source files
[Info  - 13:21:22] (15528) Found 2109 source files
[Info  - 13:21:23] (15528) Searching for source files
[Info  - 13:21:23] (15528) Found 2109 source files
[Info  - 13:21:24] (15528) Searching for source files
[Info  - 13:21:24] (15528) Found 2109 source files
[Info  - 13:21:25] (15528) Searching for source files
[Info  - 13:21:25] (15528) Found 2109 source files
[Info  - 13:22:26] (15528) Searching for source files
[Info  - 13:22:26] (15528) Found 2266 source files
[Info  - 13:23:26] (15528) Searching for source files
[Info  - 13:23:26] (15528) Found 3287 source files
[Info  - 13:24:24] (15528) Searching for source files
[Info  - 13:24:24] (15528) Found 3886 source files
[Info  - 13:24:26] (15528) Searching for source files
[Info  - 13:24:26] (15528) Found 3901 source files
[Info  - 13:24:36] (15528) Searching for source files
[Info  - 13:24:36] (15528) Found 4197 source files
[Info  - 13:24:39] (15528) Searching for source files
[Info  - 13:24:39] (15528) Found 4280 source files
[Info  - 13:24:41] (15528) Searching for source files
[Info  - 13:24:41] (15528) Found 4357 source files
[Info  - 13:24:45] (15528) Searching for source files
[Info  - 13:24:46] (15528) Found 4504 source files
[Info  - 13:24:54] (15528) Searching for source files
[Info  - 13:24:54] (15528) Found 4738 source files
[Info  - 13:24:56] (15528) Searching for source files
[Info  - 13:24:56] (15528) Found 4786 source files
[Info  - 13:24:57] (15528) Searching for source files
[Info  - 13:24:57] (15528) Found 4821 source files
[Info  - 13:25:04] (15528) Searching for source files
[Info  - 13:25:05] (15528) Found 5053 source files
[Info  - 13:25:05] (15528) Searching for source files
[Info  - 13:25:05] (15528) Found 5067 source files
[Info  - 13:25:05] (15528) Searching for source files
[Info  - 13:25:06] (15528) Found 5093 source files
[Info  - 13:25:14] (15528) Searching for source files
[Info  - 13:25:14] (15528) Found 5343 source files
[Info  - 13:25:16] (15528) Searching for source files
[Info  - 13:25:16] (15528) Found 5349 source files
[Info  - 13:25:20] (15528) Searching for source files
[Info  - 13:25:20] (15528) Found 5412 source files
[Info  - 13:25:25] (15528) Searching for source files
[Info  - 13:25:26] (15528) Found 5368 source files
[Info  - 13:25:28] (15528) Searching for source files
[Info  - 13:25:29] (15528) Found 5389 source files
[Info  - 13:25:36] (15528) Searching for source files
[Info  - 13:25:36] (15528) Found 5476 source files
[Info  - 13:25:46] (15528) Searching for source files
[Info  - 13:25:46] (15528) Found 5634 source files
[Info  - 13:25:56] (15528) Searching for source files
[Info  - 13:25:56] (15528) Found 5925 source files
[Info  - 13:26:06] (15528) Searching for source files
[Info  - 13:26:06] (15528) Found 6180 source files
[Info  - 13:26:16] (15528) Searching for source files
[Info  - 13:26:16] (15528) Found 6298 source files
[Info  - 13:26:18] (15528) Searching for source files
[Info  - 13:26:19] (15528) Found 6322 source files
[Info  - 13:26:26] (15528) Searching for source files
[Info  - 13:26:26] (15528) Found 6444 source files
[Info  - 13:26:34] (15528) Searching for source files
[Info  - 13:26:34] (15528) Found 6639 source files
[Info  - 13:26:59] (15528) Searching for source files
[Info  - 13:26:59] (15528) Found 6620 source files
[Info  - 13:43:09] (15528) Searching for source files
[Info  - 13:43:09] (15528) Found 6621 source files
